{
  "RSpec": {
    "coverage": {
      "/Users/charlesgalbraith/coding/projects/Bookmark_manager/lib/app.rb": {
        "lines": [
          1,
          1,
          1,
          null,
          1,
          null,
          1,
          2,
          null,
          1,
          1,
          null,
          null,
          1,
          1,
          null,
          null,
          1,
          null
        ]
      },
      "/Users/charlesgalbraith/coding/projects/Bookmark_manager/lib/model/bookmarks.rb": {
        "lines": [
          1,
          null,
          1,
          1,
          5,
          5,
          null,
          0,
          null,
          null,
          5,
          17,
          null,
          null
        ]
      },
      "/Users/charlesgalbraith/coding/projects/Bookmark_manager/spec/features/features_spec.rb": {
        "lines": [
          1,
          null,
          1,
          1,
          1,
          1,
          null,
          null,
          1,
          1,
          1,
          null,
          1,
          1,
          1,
          null,
          1,
          null,
          1,
          1,
          1,
          null,
          null,
          null
        ]
      },
      "/Users/charlesgalbraith/coding/projects/Bookmark_manager/spec/unit tests/bookmarks_spec.rb": {
        "lines": [
          1,
          null,
          1,
          null,
          1,
          1,
          null,
          1,
          1,
          1,
          1,
          1,
          1,
          null,
          null,
          null
        ]
      }
    },
    "timestamp": 1603205681
  }
}
